<?xml version="1.0" encoding="UTF-8"?>
<!-- Generated by org.testng.reporters.JUnitReportReporter -->
<testsuite hostname="LAPTOP-D1SJND2C" failures="0" tests="1" name="TestNG.headchromeTest" time="45.362" errors="0" timestamp="11 Jul 2018 14:06:31 GMT" skipped="0">
  <testcase classname="TestNG.headchromeTest" name="f" time="45.362"/>
</testsuite> <!-- TestNG.headchromeTest -->
