<?xml version="1.0" encoding="UTF-8"?>
<!-- Generated by org.testng.reporters.JUnitReportReporter -->
<testsuite hostname="LAPTOP-D1SJND2C" failures="0" tests="1" name="TestNG.examTest" time="57.770" errors="0" timestamp="13 Jul 2018 10:28:47 GMT" skipped="0">
  <testcase classname="TestNG.examTest" name="sindhu" time="57.770"/>
</testsuite> <!-- TestNG.examTest -->
