<?xml version="1.0" encoding="UTF-8"?>
<!-- Generated by org.testng.reporters.JUnitReportReporter -->
<testsuite hostname="LAPTOP-D1SJND2C" failures="0" tests="1" name="TestNG.frameTest" time="18.867" errors="0" timestamp="10 Jul 2018 10:46:29 GMT" skipped="0">
  <testcase classname="TestNG.frameTest" name="f" time="18.867"/>
</testsuite> <!-- TestNG.frameTest -->
