<?xml version="1.0" encoding="UTF-8"?>
<!-- Generated by org.testng.reporters.JUnitReportReporter -->
<testsuite hostname="LAPTOP-D1SJND2C" failures="0" tests="1" name="TestNG.Sampletest" time="0.011" errors="0" timestamp="15 Jun 2018 10:40:36 GMT" skipped="0">
  <testcase classname="TestNG.Sampletest" name="f" time="0.011"/>
</testsuite> <!-- TestNG.Sampletest -->
