<?xml version="1.0" encoding="UTF-8"?>
<!-- Generated by org.testng.reporters.JUnitReportReporter -->
<testsuite hostname="LAPTOP-D1SJND2C" failures="0" tests="1" name="listeners.gmaillistenerTest" time="10.389" errors="0" timestamp="12 Jul 2018 10:49:47 GMT" skipped="0">
  <testcase classname="listeners.gmaillistenerTest" name="browser" time="10.389"/>
</testsuite> <!-- listeners.gmaillistenerTest -->
