<?xml version="1.0" encoding="UTF-8"?>
<!-- Generated by org.testng.reporters.JUnitReportReporter -->
<testsuite hostname="LAPTOP-D1SJND2C" failures="0" tests="1" name="listeners.ListenerTest" time="77.887" errors="0" timestamp="12 Jul 2018 10:30:04 GMT" skipped="0">
  <testcase classname="listeners.ListenerTest" name="browser" time="77.887"/>
</testsuite> <!-- listeners.ListenerTest -->
