<?xml version="1.0" encoding="UTF-8"?>
<!-- Generated by org.testng.reporters.JUnitReportReporter -->
<testsuite hostname="LAPTOP-D1SJND2C" failures="0" tests="1" name="TestNG.chromedriverTest" time="14.505" errors="0" timestamp="10 Jul 2018 11:08:34 GMT" skipped="0">
  <testcase classname="TestNG.chromedriverTest" name="f" time="14.505"/>
</testsuite> <!-- TestNG.chromedriverTest -->
